<?xml version="1.0" encoding="UTF-8"?>
<testsuite name="edu.uoc.pac2.PasswordImproverTest" tests="4" skipped="0" failures="0" errors="0" timestamp="2024-04-02T20:05:50" hostname="JURAMENTADA" time="0.018">
  <properties/>
  <testcase name="testReplaceVowels()" classname="edu.uoc.pac2.PasswordImproverTest" time="0.013"/>
  <testcase name="testImprovePassword()" classname="edu.uoc.pac2.PasswordImproverTest" time="0.001"/>
  <testcase name="testReplaceWithSpecialCharacters()" classname="edu.uoc.pac2.PasswordImproverTest" time="0.001"/>
  <testcase name="testIsLetter()" classname="edu.uoc.pac2.PasswordImproverTest" time="0.001"/>
  <system-out><![CDATA[]]></system-out>
  <system-err><![CDATA[]]></system-err>
</testsuite>
